2025-07-16T21:43:49.867+0700 INFO  com.gtel.warehouse.PaymentApplication - [] - []- [] - [] - Starting ProductApplication using Java 21.0.6 with PID 12944 (E:\MICROSERVICE TUTORIAL\product\target\classes started by Vuanh in E:\MICROSERVICE TUTORIAL\product)
2025-07-16T21:43:49.869+0700 INFO  com.gtel.warehouse.PaymentApplication - [] - []- [] - [] - No active profile set, falling back to 1 default profile: "default"
2025-07-16T21:43:50.614+0700 INFO  o.s.d.r.c.RepositoryConfigurationDelegate - [] - []- [] - [] - Multiple Spring Data modules found, entering strict repository configuration mode
2025-07-16T21:43:50.615+0700 INFO  o.s.d.r.c.RepositoryConfigurationDelegate - [] - []- [] - [] - Bootstrapping Spring Data Redis repositories in DEFAULT mode.
2025-07-16T21:43:50.638+0700 INFO  o.s.d.r.c.RepositoryConfigurationDelegate - [] - []- [] - [] - Finished Spring Data repository scanning in 5 ms. Found 0 Redis repository interfaces.
2025-07-16T21:43:51.081+0700 INFO  o.s.d.r.c.RepositoryConfigurationDelegate - [] - []- [] - [] - Multiple Spring Data modules found, entering strict repository configuration mode
2025-07-16T21:43:51.082+0700 INFO  o.s.d.r.c.RepositoryConfigurationDelegate - [] - []- [] - [] - Bootstrapping Spring Data JPA repositories in DEFAULT mode.
2025-07-16T21:43:51.094+0700 INFO  o.s.d.r.c.RepositoryConfigurationDelegate - [] - []- [] - [] - Finished Spring Data repository scanning in 8 ms. Found 0 JPA repository interfaces.
2025-07-16T21:43:51.102+0700 INFO  o.s.d.r.c.RepositoryConfigurationDelegate - [] - []- [] - [] - Multiple Spring Data modules found, entering strict repository configuration mode
2025-07-16T21:43:51.102+0700 INFO  o.s.d.r.c.RepositoryConfigurationDelegate - [] - []- [] - [] - Bootstrapping Spring Data Redis repositories in DEFAULT mode.
2025-07-16T21:43:51.107+0700 INFO  o.s.d.r.c.RepositoryConfigurationDelegate - [] - []- [] - [] - Finished Spring Data repository scanning in 3 ms. Found 0 Redis repository interfaces.
2025-07-16T21:43:51.930+0700 INFO  o.s.b.w.e.tomcat.TomcatWebServer - [] - []- [] - [] - Tomcat initialized with port 8081 (http)
2025-07-16T21:43:51.941+0700 INFO  o.a.coyote.http11.Http11NioProtocol - [] - []- [] - [] - Initializing ProtocolHandler ["http-nio-8081"]
2025-07-16T21:43:51.943+0700 INFO  o.a.catalina.core.StandardService - [] - []- [] - [] - Starting service [Tomcat]
2025-07-16T21:43:51.943+0700 INFO  o.a.catalina.core.StandardEngine - [] - []- [] - [] - Starting Servlet engine: [Apache Tomcat/10.1.42]
2025-07-16T21:43:52.004+0700 INFO  o.a.c.c.C.[Tomcat].[localhost].[/] - [] - []- [] - [] - Initializing Spring embedded WebApplicationContext
2025-07-16T21:43:52.004+0700 INFO  o.s.b.w.s.c.ServletWebServerApplicationContext - [] - []- [] - [] - Root WebApplicationContext: initialization completed in 2090 ms
2025-07-16T21:43:52.426+0700 INFO  com.zaxxer.hikari.HikariDataSource - [] - []- [] - [] - HikariPool-1 - Starting...
2025-07-16T21:43:52.797+0700 INFO  com.zaxxer.hikari.pool.HikariPool - [] - []- [] - [] - HikariPool-1 - Added connection org.postgresql.jdbc.PgConnection@6963b0bd
2025-07-16T21:43:52.798+0700 INFO  com.zaxxer.hikari.HikariDataSource - [] - []- [] - [] - HikariPool-1 - Start completed.
2025-07-16T21:43:52.839+0700 INFO  o.h.jpa.internal.util.LogHelper - [] - []- [] - [] - HHH000204: Processing PersistenceUnitInfo [name: default]
2025-07-16T21:43:52.904+0700 INFO  org.hibernate.Version - [] - []- [] - [] - HHH000412: Hibernate ORM core version 6.6.18.Final
2025-07-16T21:43:52.943+0700 INFO  o.h.c.i.RegionFactoryInitiator - [] - []- [] - [] - HHH000026: Second-level cache disabled
2025-07-16T21:43:53.299+0700 INFO  o.s.o.j.p.SpringPersistenceUnitInfo - [] - []- [] - [] - No LoadTimeWeaver setup: ignoring JPA class transformer
2025-07-16T21:43:53.415+0700 INFO  o.hibernate.orm.connections.pooling - [] - []- [] - [] - HHH10001005: Database info:
	Database JDBC URL [Connecting through datasource 'HikariDataSource (HikariPool-1)']
	Database driver: undefined/unknown
	Database version: 15.13
	Autocommit mode: undefined/unknown
	Isolation level: undefined/unknown
	Minimum pool size: undefined/unknown
	Maximum pool size: undefined/unknown
2025-07-16T21:43:53.826+0700 INFO  o.h.e.t.j.p.i.JtaPlatformInitiator - [] - []- [] - [] - HHH000489: No JTA platform available (set 'hibernate.transaction.jta.platform' to enable JTA platform integration)
2025-07-16T21:43:53.831+0700 INFO  o.s.o.j.LocalContainerEntityManagerFactoryBean - [] - []- [] - [] - Initialized JPA EntityManagerFactory for persistence unit 'default'
2025-07-16T21:43:54.113+0700 INFO  org.redisson.Version - [] - []- [] - [] - Redisson 3.27.2
2025-07-16T21:43:54.471+0700 INFO  o.r.connection.ConnectionsHolder - [] - []- [] - [] - 1 connections initialized for 192.168.5.71/192.168.5.71:6379
2025-07-16T21:43:54.558+0700 INFO  o.r.connection.ConnectionsHolder - [] - []- [] - [] - 24 connections initialized for 192.168.5.71/192.168.5.71:6379
2025-07-16T21:43:54.801+0700 WARN  o.s.b.a.o.j.JpaBaseConfiguration$JpaWebConfiguration - [] - []- [] - [] - spring.jpa.open-in-view is enabled by default. Therefore, database queries may be performed during view rendering. Explicitly configure spring.jpa.open-in-view to disable this warning
2025-07-16T21:43:55.183+0700 INFO  o.s.b.a.e.web.EndpointLinksResolver - [] - []- [] - [] - Exposing 1 endpoint beneath base path '/actuator'
2025-07-16T21:43:55.940+0700 INFO  o.s.w.s.a.s.AnnotationActionEndpointMapping - [] - []- [] - [] - Supporting [WS-Addressing August 2004, WS-Addressing 1.0]
2025-07-16T21:43:56.029+0700 INFO  o.a.coyote.http11.Http11NioProtocol - [] - []- [] - [] - Starting ProtocolHandler ["http-nio-8081"]
2025-07-16T21:43:56.039+0700 INFO  o.s.b.w.e.tomcat.TomcatWebServer - [] - []- [] - [] - Tomcat started on port 8081 (http) with context path '/'
2025-07-16T21:43:56.054+0700 INFO  com.gtel.warehouse.PaymentApplication - [] - []- [] - [] - ==================================================
2025-07-16T21:43:56.054+0700 INFO  com.gtel.warehouse.PaymentApplication - [] - []- [] - [] - |               GTEL Application                  |
2025-07-16T21:43:56.054+0700 INFO  com.gtel.warehouse.PaymentApplication - [] - []- [] - [] - |               Develop by Gtel Team              |
2025-07-16T21:43:56.054+0700 INFO  com.gtel.warehouse.PaymentApplication - [] - []- [] - [] - ==================================================
2025-07-16T21:43:56.054+0700 INFO  com.gtel.warehouse.PaymentApplication - [] - []- [] - [] - Started ProductApplication in 6.852 seconds (process running for 8.398)
2025-07-16T21:43:56.279+0700 INFO  o.a.c.c.C.[Tomcat].[localhost].[/] - [] - []- [] - [] - Initializing Spring DispatcherServlet 'dispatcherServlet'
2025-07-16T21:43:56.279+0700 INFO  o.s.web.servlet.DispatcherServlet - [] - []- [] - [] - Initializing Servlet 'dispatcherServlet'
2025-07-16T21:43:56.284+0700 INFO  o.s.web.servlet.DispatcherServlet - [] - []- [] - [] - Completed initialization in 5 ms
2025-07-16T21:44:24.464+0700 INFO  o.s.b.w.e.tomcat.GracefulShutdown - [] - []- [] - [] - Commencing graceful shutdown. Waiting for active requests to complete
2025-07-16T21:44:24.479+0700 INFO  o.s.b.w.e.tomcat.GracefulShutdown - [] - []- [] - [] - Graceful shutdown complete
2025-07-16T21:44:24.524+0700 INFO  o.s.o.j.LocalContainerEntityManagerFactoryBean - [] - []- [] - [] - Closing JPA EntityManagerFactory for persistence unit 'default'
2025-07-16T21:44:24.527+0700 INFO  com.zaxxer.hikari.HikariDataSource - [] - []- [] - [] - HikariPool-1 - Shutdown initiated...
2025-07-16T21:44:24.539+0700 INFO  com.zaxxer.hikari.HikariDataSource - [] - []- [] - [] - HikariPool-1 - Shutdown completed.
2025-07-16T21:44:29.087+0700 INFO  com.gtel.warehouse.PaymentApplication - [] - []- [] - [] - Starting ProductApplication using Java 21.0.6 with PID 18236 (E:\MICROSERVICE TUTORIAL\product\target\classes started by Vuanh in E:\MICROSERVICE TUTORIAL\product)
2025-07-16T21:44:29.090+0700 INFO  com.gtel.warehouse.PaymentApplication - [] - []- [] - [] - No active profile set, falling back to 1 default profile: "default"
2025-07-16T21:44:29.943+0700 INFO  o.s.d.r.c.RepositoryConfigurationDelegate - [] - []- [] - [] - Multiple Spring Data modules found, entering strict repository configuration mode
2025-07-16T21:44:29.944+0700 INFO  o.s.d.r.c.RepositoryConfigurationDelegate - [] - []- [] - [] - Bootstrapping Spring Data Redis repositories in DEFAULT mode.
2025-07-16T21:44:29.972+0700 INFO  o.s.d.r.c.RepositoryConfigurationDelegate - [] - []- [] - [] - Finished Spring Data repository scanning in 9 ms. Found 0 Redis repository interfaces.
2025-07-16T21:44:30.516+0700 INFO  o.s.d.r.c.RepositoryConfigurationDelegate - [] - []- [] - [] - Multiple Spring Data modules found, entering strict repository configuration mode
2025-07-16T21:44:30.519+0700 INFO  o.s.d.r.c.RepositoryConfigurationDelegate - [] - []- [] - [] - Bootstrapping Spring Data JPA repositories in DEFAULT mode.
2025-07-16T21:44:30.535+0700 INFO  o.s.d.r.c.RepositoryConfigurationDelegate - [] - []- [] - [] - Finished Spring Data repository scanning in 10 ms. Found 0 JPA repository interfaces.
2025-07-16T21:44:30.541+0700 INFO  o.s.d.r.c.RepositoryConfigurationDelegate - [] - []- [] - [] - Multiple Spring Data modules found, entering strict repository configuration mode
2025-07-16T21:44:30.541+0700 INFO  o.s.d.r.c.RepositoryConfigurationDelegate - [] - []- [] - [] - Bootstrapping Spring Data Redis repositories in DEFAULT mode.
2025-07-16T21:44:30.544+0700 INFO  o.s.d.r.c.RepositoryConfigurationDelegate - [] - []- [] - [] - Finished Spring Data repository scanning in 2 ms. Found 0 Redis repository interfaces.
2025-07-16T21:44:31.406+0700 INFO  o.s.b.w.e.tomcat.TomcatWebServer - [] - []- [] - [] - Tomcat initialized with port 8081 (http)
2025-07-16T21:44:31.418+0700 INFO  o.a.coyote.http11.Http11NioProtocol - [] - []- [] - [] - Initializing ProtocolHandler ["http-nio-8081"]
2025-07-16T21:44:31.420+0700 INFO  o.a.catalina.core.StandardService - [] - []- [] - [] - Starting service [Tomcat]
2025-07-16T21:44:31.420+0700 INFO  o.a.catalina.core.StandardEngine - [] - []- [] - [] - Starting Servlet engine: [Apache Tomcat/10.1.42]
2025-07-16T21:44:31.489+0700 INFO  o.a.c.c.C.[Tomcat].[localhost].[/] - [] - []- [] - [] - Initializing Spring embedded WebApplicationContext
2025-07-16T21:44:31.490+0700 INFO  o.s.b.w.s.c.ServletWebServerApplicationContext - [] - []- [] - [] - Root WebApplicationContext: initialization completed in 2348 ms
2025-07-16T21:44:31.940+0700 INFO  com.zaxxer.hikari.HikariDataSource - [] - []- [] - [] - HikariPool-1 - Starting...
2025-07-16T21:44:32.305+0700 INFO  com.zaxxer.hikari.pool.HikariPool - [] - []- [] - [] - HikariPool-1 - Added connection org.postgresql.jdbc.PgConnection@2b561f51
2025-07-16T21:44:32.307+0700 INFO  com.zaxxer.hikari.HikariDataSource - [] - []- [] - [] - HikariPool-1 - Start completed.
2025-07-16T21:44:32.347+0700 INFO  o.h.jpa.internal.util.LogHelper - [] - []- [] - [] - HHH000204: Processing PersistenceUnitInfo [name: default]
2025-07-16T21:44:32.408+0700 INFO  org.hibernate.Version - [] - []- [] - [] - HHH000412: Hibernate ORM core version 6.6.18.Final
2025-07-16T21:44:32.452+0700 INFO  o.h.c.i.RegionFactoryInitiator - [] - []- [] - [] - HHH000026: Second-level cache disabled
2025-07-16T21:44:32.828+0700 INFO  o.s.o.j.p.SpringPersistenceUnitInfo - [] - []- [] - [] - No LoadTimeWeaver setup: ignoring JPA class transformer
2025-07-16T21:44:32.983+0700 INFO  o.hibernate.orm.connections.pooling - [] - []- [] - [] - HHH10001005: Database info:
	Database JDBC URL [Connecting through datasource 'HikariDataSource (HikariPool-1)']
	Database driver: undefined/unknown
	Database version: 15.13
	Autocommit mode: undefined/unknown
	Isolation level: undefined/unknown
	Minimum pool size: undefined/unknown
	Maximum pool size: undefined/unknown
2025-07-16T21:44:33.557+0700 INFO  o.h.e.t.j.p.i.JtaPlatformInitiator - [] - []- [] - [] - HHH000489: No JTA platform available (set 'hibernate.transaction.jta.platform' to enable JTA platform integration)
2025-07-16T21:44:33.564+0700 INFO  o.s.o.j.LocalContainerEntityManagerFactoryBean - [] - []- [] - [] - Initialized JPA EntityManagerFactory for persistence unit 'default'
2025-07-16T21:44:33.987+0700 INFO  org.redisson.Version - [] - []- [] - [] - Redisson 3.27.2
2025-07-16T21:44:34.462+0700 INFO  o.r.connection.ConnectionsHolder - [] - []- [] - [] - 1 connections initialized for 192.168.5.71/192.168.5.71:6379
2025-07-16T21:44:34.570+0700 INFO  o.r.connection.ConnectionsHolder - [] - []- [] - [] - 24 connections initialized for 192.168.5.71/192.168.5.71:6379
2025-07-16T21:44:34.824+0700 WARN  o.s.b.a.o.j.JpaBaseConfiguration$JpaWebConfiguration - [] - []- [] - [] - spring.jpa.open-in-view is enabled by default. Therefore, database queries may be performed during view rendering. Explicitly configure spring.jpa.open-in-view to disable this warning
2025-07-16T21:44:35.228+0700 INFO  o.s.b.a.e.web.EndpointLinksResolver - [] - []- [] - [] - Exposing 1 endpoint beneath base path '/actuator'
2025-07-16T21:44:35.912+0700 INFO  o.s.w.s.a.s.AnnotationActionEndpointMapping - [] - []- [] - [] - Supporting [WS-Addressing August 2004, WS-Addressing 1.0]
2025-07-16T21:44:35.995+0700 INFO  o.a.coyote.http11.Http11NioProtocol - [] - []- [] - [] - Starting ProtocolHandler ["http-nio-8081"]
2025-07-16T21:44:36.005+0700 INFO  o.s.b.w.e.tomcat.TomcatWebServer - [] - []- [] - [] - Tomcat started on port 8081 (http) with context path '/'
2025-07-16T21:44:36.019+0700 INFO  com.gtel.warehouse.PaymentApplication - [] - []- [] - [] - ==================================================
2025-07-16T21:44:36.019+0700 INFO  com.gtel.warehouse.PaymentApplication - [] - []- [] - [] - |               GTEL Application                  |
2025-07-16T21:44:36.019+0700 INFO  com.gtel.warehouse.PaymentApplication - [] - []- [] - [] - |               Develop by Gtel Team              |
2025-07-16T21:44:36.019+0700 INFO  com.gtel.warehouse.PaymentApplication - [] - []- [] - [] - ==================================================
2025-07-16T21:44:36.019+0700 INFO  com.gtel.warehouse.PaymentApplication - [] - []- [] - [] - Started ProductApplication in 7.64 seconds (process running for 8.808)
2025-07-16T21:44:36.318+0700 INFO  o.a.c.c.C.[Tomcat].[localhost].[/] - [] - []- [] - [] - Initializing Spring DispatcherServlet 'dispatcherServlet'
2025-07-16T21:44:36.319+0700 INFO  o.s.web.servlet.DispatcherServlet - [] - []- [] - [] - Initializing Servlet 'dispatcherServlet'
2025-07-16T21:44:36.320+0700 INFO  o.s.web.servlet.DispatcherServlet - [] - []- [] - [] - Completed initialization in 0 ms
2025-07-16T21:45:54.399+0700 INFO  o.s.b.w.e.tomcat.GracefulShutdown - [] - []- [] - [] - Commencing graceful shutdown. Waiting for active requests to complete
2025-07-16T21:45:54.423+0700 INFO  o.s.b.w.e.tomcat.GracefulShutdown - [] - []- [] - [] - Graceful shutdown complete
2025-07-16T21:45:54.458+0700 INFO  o.s.o.j.LocalContainerEntityManagerFactoryBean - [] - []- [] - [] - Closing JPA EntityManagerFactory for persistence unit 'default'
2025-07-16T21:45:54.462+0700 INFO  com.zaxxer.hikari.HikariDataSource - [] - []- [] - [] - HikariPool-1 - Shutdown initiated...
2025-07-16T21:45:54.476+0700 INFO  com.zaxxer.hikari.HikariDataSource - [] - []- [] - [] - HikariPool-1 - Shutdown completed.
2025-07-16T21:46:59.228+0700 INFO  com.gtel.warehouse.PaymentApplication - [] - []- [] - [] - Starting ProductApplication using Java 21.0.6 with PID 47780 (E:\MICROSERVICE TUTORIAL\product\target\classes started by Vuanh in E:\MICROSERVICE TUTORIAL\product)
2025-07-16T21:46:59.229+0700 INFO  com.gtel.warehouse.PaymentApplication - [] - []- [] - [] - No active profile set, falling back to 1 default profile: "default"
2025-07-16T21:47:00.246+0700 INFO  o.s.d.r.c.RepositoryConfigurationDelegate - [] - []- [] - [] - Multiple Spring Data modules found, entering strict repository configuration mode
2025-07-16T21:47:00.246+0700 INFO  o.s.d.r.c.RepositoryConfigurationDelegate - [] - []- [] - [] - Bootstrapping Spring Data Redis repositories in DEFAULT mode.
2025-07-16T21:47:00.268+0700 INFO  o.s.d.r.c.RepositoryConfigurationDelegate - [] - []- [] - [] - Finished Spring Data repository scanning in 5 ms. Found 0 Redis repository interfaces.
2025-07-16T21:47:00.803+0700 INFO  o.s.d.r.c.RepositoryConfigurationDelegate - [] - []- [] - [] - Multiple Spring Data modules found, entering strict repository configuration mode
2025-07-16T21:47:00.804+0700 INFO  o.s.d.r.c.RepositoryConfigurationDelegate - [] - []- [] - [] - Bootstrapping Spring Data JPA repositories in DEFAULT mode.
2025-07-16T21:47:00.820+0700 INFO  o.s.d.r.c.RepositoryConfigurationDelegate - [] - []- [] - [] - Finished Spring Data repository scanning in 11 ms. Found 0 JPA repository interfaces.
2025-07-16T21:47:00.829+0700 INFO  o.s.d.r.c.RepositoryConfigurationDelegate - [] - []- [] - [] - Multiple Spring Data modules found, entering strict repository configuration mode
2025-07-16T21:47:00.829+0700 INFO  o.s.d.r.c.RepositoryConfigurationDelegate - [] - []- [] - [] - Bootstrapping Spring Data Redis repositories in DEFAULT mode.
2025-07-16T21:47:00.833+0700 INFO  o.s.d.r.c.RepositoryConfigurationDelegate - [] - []- [] - [] - Finished Spring Data repository scanning in 2 ms. Found 0 Redis repository interfaces.
2025-07-16T21:47:01.157+0700 INFO  o.s.cloud.context.scope.GenericScope - [] - []- [] - [] - BeanFactory id=1a22c03e-cab4-35c8-a8fb-3a86dfd3a3dd
2025-07-16T21:47:01.740+0700 INFO  o.s.b.w.e.tomcat.TomcatWebServer - [] - []- [] - [] - Tomcat initialized with port 8081 (http)
2025-07-16T21:47:01.752+0700 INFO  o.a.coyote.http11.Http11NioProtocol - [] - []- [] - [] - Initializing ProtocolHandler ["http-nio-8081"]
2025-07-16T21:47:01.753+0700 INFO  o.a.catalina.core.StandardService - [] - []- [] - [] - Starting service [Tomcat]
2025-07-16T21:47:01.753+0700 INFO  o.a.catalina.core.StandardEngine - [] - []- [] - [] - Starting Servlet engine: [Apache Tomcat/10.1.42]
2025-07-16T21:47:01.824+0700 INFO  o.a.c.c.C.[Tomcat].[localhost].[/] - [] - []- [] - [] - Initializing Spring embedded WebApplicationContext
2025-07-16T21:47:01.824+0700 INFO  o.s.b.w.s.c.ServletWebServerApplicationContext - [] - []- [] - [] - Root WebApplicationContext: initialization completed in 2546 ms
2025-07-16T21:47:02.287+0700 INFO  com.zaxxer.hikari.HikariDataSource - [] - []- [] - [] - HikariPool-1 - Starting...
2025-07-16T21:47:02.562+0700 INFO  com.zaxxer.hikari.pool.HikariPool - [] - []- [] - [] - HikariPool-1 - Added connection org.postgresql.jdbc.PgConnection@630e5010
2025-07-16T21:47:02.563+0700 INFO  com.zaxxer.hikari.HikariDataSource - [] - []- [] - [] - HikariPool-1 - Start completed.
2025-07-16T21:47:02.607+0700 INFO  o.h.jpa.internal.util.LogHelper - [] - []- [] - [] - HHH000204: Processing PersistenceUnitInfo [name: default]
2025-07-16T21:47:02.657+0700 INFO  org.hibernate.Version - [] - []- [] - [] - HHH000412: Hibernate ORM core version 6.6.18.Final
2025-07-16T21:47:02.691+0700 INFO  o.h.c.i.RegionFactoryInitiator - [] - []- [] - [] - HHH000026: Second-level cache disabled
2025-07-16T21:47:03.076+0700 INFO  o.s.o.j.p.SpringPersistenceUnitInfo - [] - []- [] - [] - No LoadTimeWeaver setup: ignoring JPA class transformer
2025-07-16T21:47:03.173+0700 INFO  o.hibernate.orm.connections.pooling - [] - []- [] - [] - HHH10001005: Database info:
	Database JDBC URL [Connecting through datasource 'HikariDataSource (HikariPool-1)']
	Database driver: undefined/unknown
	Database version: 15.13
	Autocommit mode: undefined/unknown
	Isolation level: undefined/unknown
	Minimum pool size: undefined/unknown
	Maximum pool size: undefined/unknown
2025-07-16T21:47:03.545+0700 INFO  o.h.e.t.j.p.i.JtaPlatformInitiator - [] - []- [] - [] - HHH000489: No JTA platform available (set 'hibernate.transaction.jta.platform' to enable JTA platform integration)
2025-07-16T21:47:03.550+0700 INFO  o.s.o.j.LocalContainerEntityManagerFactoryBean - [] - []- [] - [] - Initialized JPA EntityManagerFactory for persistence unit 'default'
2025-07-16T21:47:03.858+0700 INFO  org.redisson.Version - [] - []- [] - [] - Redisson 3.27.2
2025-07-16T21:47:04.173+0700 INFO  o.r.connection.ConnectionsHolder - [] - []- [] - [] - 1 connections initialized for 192.168.5.71/192.168.5.71:6379
2025-07-16T21:47:04.265+0700 INFO  o.r.connection.ConnectionsHolder - [] - []- [] - [] - 24 connections initialized for 192.168.5.71/192.168.5.71:6379
2025-07-16T21:47:04.505+0700 WARN  o.s.b.a.o.j.JpaBaseConfiguration$JpaWebConfiguration - [] - []- [] - [] - spring.jpa.open-in-view is enabled by default. Therefore, database queries may be performed during view rendering. Explicitly configure spring.jpa.open-in-view to disable this warning
2025-07-16T21:47:05.802+0700 INFO  o.s.cloud.commons.util.InetUtils - [] - []- [] - [] - Cannot determine local hostname
2025-07-16T21:47:05.952+0700 INFO  o.s.b.a.e.web.EndpointLinksResolver - [] - []- [] - [] - Exposing 1 endpoint beneath base path '/actuator'
2025-07-16T21:47:06.726+0700 INFO  o.s.w.s.a.s.AnnotationActionEndpointMapping - [] - []- [] - [] - Supporting [WS-Addressing August 2004, WS-Addressing 1.0]
2025-07-16T21:47:07.762+0700 INFO  o.s.cloud.commons.util.InetUtils - [] - []- [] - [] - Cannot determine local hostname
2025-07-16T21:47:07.799+0700 INFO  o.s.c.n.e.c.DiscoveryClientOptionalArgsConfiguration - [] - []- [] - [] - Eureka HTTP Client uses RestTemplate.
2025-07-16T21:47:07.838+0700 WARN  o.s.c.l.c.LoadBalancerCacheAutoConfiguration$LoadBalancerCaffeineWarnLogger - [] - []- [] - [] - Spring Cloud LoadBalancer is currently working with the default cache. While this cache implementation is useful for development and tests, it's recommended to use Caffeine cache in production.You can switch to using Caffeine cache, by adding it and org.springframework.cache.caffeine.CaffeineCacheManager to the classpath.
2025-07-16T21:47:07.935+0700 INFO  o.s.c.n.eureka.InstanceInfoFactory - [] - []- [] - [] - Setting initial instance status as: STARTING
2025-07-16T21:47:07.961+0700 INFO  c.netflix.discovery.DiscoveryClient - [] - []- [] - [] - Initializing Eureka in region us-east-1
2025-07-16T21:47:07.965+0700 INFO  c.n.d.s.r.aws.ConfigClusterResolver - [] - []- [] - [] - Resolving eureka endpoints via configuration
2025-07-16T21:47:07.974+0700 INFO  c.netflix.discovery.DiscoveryClient - [] - []- [] - [] - Disable delta property : false
2025-07-16T21:47:07.974+0700 INFO  c.netflix.discovery.DiscoveryClient - [] - []- [] - [] - Single vip registry refresh property : null
2025-07-16T21:47:07.974+0700 INFO  c.netflix.discovery.DiscoveryClient - [] - []- [] - [] - Force full registry fetch : false
2025-07-16T21:47:07.974+0700 INFO  c.netflix.discovery.DiscoveryClient - [] - []- [] - [] - Application is null : false
2025-07-16T21:47:07.974+0700 INFO  c.netflix.discovery.DiscoveryClient - [] - []- [] - [] - Registered Applications size is zero : true
2025-07-16T21:47:07.974+0700 INFO  c.netflix.discovery.DiscoveryClient - [] - []- [] - [] - Application version is -1: true
2025-07-16T21:47:07.974+0700 INFO  c.netflix.discovery.DiscoveryClient - [] - []- [] - [] - Getting all instance registry info from the eureka server
2025-07-16T21:47:08.438+0700 INFO  c.netflix.discovery.DiscoveryClient - [] - []- [] - [] - The response status is 200
2025-07-16T21:47:08.439+0700 INFO  c.netflix.discovery.DiscoveryClient - [] - []- [] - [] - Starting heartbeat executor: renew interval is: 30
2025-07-16T21:47:08.440+0700 INFO  c.n.discovery.InstanceInfoReplicator - [] - []- [] - [] - InstanceInfoReplicator onDemand update allowed rate per min is 4
2025-07-16T21:47:08.442+0700 INFO  c.netflix.discovery.DiscoveryClient - [] - []- [] - [] - Discovery Client initialized at timestamp 1752677228440 with initial instances count: 0
2025-07-16T21:47:08.446+0700 INFO  o.s.c.n.e.s.EurekaServiceRegistry - [] - []- [] - [] - Registering application PRODUCT-SV with eureka with status UP
2025-07-16T21:47:08.447+0700 INFO  c.netflix.discovery.DiscoveryClient - [] - []- [] - [] - Saw local status change event StatusChangeEvent [timestamp=1752677228447, current=UP, previous=STARTING]
2025-07-16T21:47:08.449+0700 INFO  c.netflix.discovery.DiscoveryClient - [] - []- [] - [] - DiscoveryClient_PRODUCT-SV/localhost:product-sv:8081: registering service...
2025-07-16T21:47:08.449+0700 INFO  o.a.coyote.http11.Http11NioProtocol - [] - []- [] - [] - Starting ProtocolHandler ["http-nio-8081"]
2025-07-16T21:47:08.460+0700 INFO  o.s.b.w.e.tomcat.TomcatWebServer - [] - []- [] - [] - Tomcat started on port 8081 (http) with context path '/'
2025-07-16T21:47:08.460+0700 INFO  o.s.c.n.e.s.EurekaAutoServiceRegistration - [] - []- [] - [] - Updating port to 8081
2025-07-16T21:47:08.726+0700 INFO  c.netflix.discovery.DiscoveryClient - [] - []- [] - [] - DiscoveryClient_PRODUCT-SV/localhost:product-sv:8081 - registration status: 204
2025-07-16T21:47:09.472+0700 INFO  o.s.cloud.commons.util.InetUtils - [] - []- [] - [] - Cannot determine local hostname
2025-07-16T21:47:09.487+0700 INFO  com.gtel.warehouse.PaymentApplication - [] - []- [] - [] - ==================================================
2025-07-16T21:47:09.487+0700 INFO  com.gtel.warehouse.PaymentApplication - [] - []- [] - [] - |               GTEL Application                  |
2025-07-16T21:47:09.487+0700 INFO  com.gtel.warehouse.PaymentApplication - [] - []- [] - [] - |               Develop by Gtel Team              |
2025-07-16T21:47:09.487+0700 INFO  com.gtel.warehouse.PaymentApplication - [] - []- [] - [] - ==================================================
2025-07-16T21:47:09.488+0700 INFO  com.gtel.warehouse.PaymentApplication - [] - []- [] - [] - Started ProductApplication in 12.008 seconds (process running for 13.661)
2025-07-16T21:47:09.641+0700 INFO  o.a.c.c.C.[Tomcat].[localhost].[/] - [] - []- [] - [] - Initializing Spring DispatcherServlet 'dispatcherServlet'
2025-07-16T21:47:09.641+0700 INFO  o.s.web.servlet.DispatcherServlet - [] - []- [] - [] - Initializing Servlet 'dispatcherServlet'
2025-07-16T21:47:09.643+0700 INFO  o.s.web.servlet.DispatcherServlet - [] - []- [] - [] - Completed initialization in 2 ms
2025-07-16T21:47:38.446+0700 INFO  c.netflix.discovery.DiscoveryClient - [] - []- [] - [] - Disable delta property : false
2025-07-16T21:47:38.446+0700 INFO  c.netflix.discovery.DiscoveryClient - [] - []- [] - [] - Single vip registry refresh property : null
2025-07-16T21:47:38.447+0700 INFO  c.netflix.discovery.DiscoveryClient - [] - []- [] - [] - Force full registry fetch : false
2025-07-16T21:47:38.447+0700 INFO  c.netflix.discovery.DiscoveryClient - [] - []- [] - [] - Application is null : false
2025-07-16T21:47:38.447+0700 INFO  c.netflix.discovery.DiscoveryClient - [] - []- [] - [] - Registered Applications size is zero : true
2025-07-16T21:47:38.447+0700 INFO  c.netflix.discovery.DiscoveryClient - [] - []- [] - [] - Application version is -1: false
2025-07-16T21:47:38.447+0700 INFO  c.netflix.discovery.DiscoveryClient - [] - []- [] - [] - Getting all instance registry info from the eureka server
2025-07-16T21:47:38.747+0700 INFO  c.netflix.discovery.DiscoveryClient - [] - []- [] - [] - The response status is 200
2025-07-16T21:47:38.827+0700 INFO  c.netflix.discovery.DiscoveryClient - [] - []- [] - [] - DiscoveryClient_PRODUCT-SV/localhost:product-sv:8081 - Re-registering apps/PRODUCT-SV
2025-07-16T21:47:38.827+0700 INFO  c.netflix.discovery.DiscoveryClient - [] - []- [] - [] - DiscoveryClient_PRODUCT-SV/localhost:product-sv:8081: registering service...
2025-07-16T21:47:38.934+0700 INFO  c.netflix.discovery.DiscoveryClient - [] - []- [] - [] - DiscoveryClient_PRODUCT-SV/localhost:product-sv:8081 - registration status: 204
2025-07-16T21:48:08.761+0700 INFO  c.netflix.discovery.DiscoveryClient - [] - []- [] - [] - Disable delta property : false
2025-07-16T21:48:08.761+0700 INFO  c.netflix.discovery.DiscoveryClient - [] - []- [] - [] - Single vip registry refresh property : null
2025-07-16T21:48:08.761+0700 INFO  c.netflix.discovery.DiscoveryClient - [] - []- [] - [] - Force full registry fetch : false
2025-07-16T21:48:08.761+0700 INFO  c.netflix.discovery.DiscoveryClient - [] - []- [] - [] - Application is null : false
2025-07-16T21:48:08.761+0700 INFO  c.netflix.discovery.DiscoveryClient - [] - []- [] - [] - Registered Applications size is zero : true
2025-07-16T21:48:08.761+0700 INFO  c.netflix.discovery.DiscoveryClient - [] - []- [] - [] - Application version is -1: false
2025-07-16T21:48:08.761+0700 INFO  c.netflix.discovery.DiscoveryClient - [] - []- [] - [] - Getting all instance registry info from the eureka server
2025-07-16T21:48:08.788+0700 INFO  c.netflix.discovery.DiscoveryClient - [] - []- [] - [] - The response status is 200
2025-07-16T21:48:12.242+0700 INFO  o.s.c.n.e.s.EurekaServiceRegistry - [] - []- [] - [] - Unregistering application PRODUCT-SV with eureka with status DOWN
2025-07-16T21:48:12.242+0700 INFO  c.netflix.discovery.DiscoveryClient - [] - []- [] - [] - Saw local status change event StatusChangeEvent [timestamp=1752677292242, current=DOWN, previous=UP]
2025-07-16T21:48:12.242+0700 INFO  c.netflix.discovery.DiscoveryClient - [] - []- [] - [] - DiscoveryClient_PRODUCT-SV/localhost:product-sv:8081: registering service...
2025-07-16T21:48:12.244+0700 INFO  o.s.b.w.e.tomcat.GracefulShutdown - [] - []- [] - [] - Commencing graceful shutdown. Waiting for active requests to complete
2025-07-16T21:48:12.257+0700 INFO  o.s.b.w.e.tomcat.GracefulShutdown - [] - []- [] - [] - Graceful shutdown complete
2025-07-16T21:48:12.271+0700 INFO  c.netflix.discovery.DiscoveryClient - [] - []- [] - [] - DiscoveryClient_PRODUCT-SV/localhost:product-sv:8081 - registration status: 204
2025-07-16T21:48:12.294+0700 INFO  o.s.o.j.LocalContainerEntityManagerFactoryBean - [] - []- [] - [] - Closing JPA EntityManagerFactory for persistence unit 'default'
2025-07-16T21:48:12.296+0700 INFO  com.zaxxer.hikari.HikariDataSource - [] - []- [] - [] - HikariPool-1 - Shutdown initiated...
2025-07-16T21:48:12.311+0700 INFO  com.zaxxer.hikari.HikariDataSource - [] - []- [] - [] - HikariPool-1 - Shutdown completed.
2025-07-16T21:48:12.312+0700 INFO  c.netflix.discovery.DiscoveryClient - [] - []- [] - [] - Shutting down DiscoveryClient ...
2025-07-16T22:28:46.422+0700 INFO  com.gtel.warehouse.PaymentApplication - [] - []- [] - [] - Starting ProductApplication using Java 21.0.6 with PID 45500 (E:\MICROSERVICE TUTORIAL\product\target\classes started by Vuanh in E:\MICROSERVICE TUTORIAL\product)
2025-07-16T22:28:46.424+0700 INFO  com.gtel.warehouse.PaymentApplication - [] - []- [] - [] - No active profile set, falling back to 1 default profile: "default"
2025-07-16T22:28:47.200+0700 INFO  o.s.d.r.c.RepositoryConfigurationDelegate - [] - []- [] - [] - Multiple Spring Data modules found, entering strict repository configuration mode
2025-07-16T22:28:47.201+0700 INFO  o.s.d.r.c.RepositoryConfigurationDelegate - [] - []- [] - [] - Bootstrapping Spring Data Redis repositories in DEFAULT mode.
2025-07-16T22:28:47.245+0700 INFO  o.s.d.r.c.RepositoryConfigurationDelegate - [] - []- [] - [] - Finished Spring Data repository scanning in 17 ms. Found 0 Redis repository interfaces.
2025-07-16T22:28:47.890+0700 INFO  o.s.d.r.c.RepositoryConfigurationDelegate - [] - []- [] - [] - Multiple Spring Data modules found, entering strict repository configuration mode
2025-07-16T22:28:47.891+0700 INFO  o.s.d.r.c.RepositoryConfigurationDelegate - [] - []- [] - [] - Bootstrapping Spring Data JPA repositories in DEFAULT mode.
2025-07-16T22:28:48.171+0700 INFO  o.s.d.r.c.RepositoryConfigurationDelegate - [] - []- [] - [] - Finished Spring Data repository scanning in 274 ms. Found 1 JPA repository interface.
2025-07-16T22:28:48.179+0700 INFO  o.s.d.r.c.RepositoryConfigurationDelegate - [] - []- [] - [] - Multiple Spring Data modules found, entering strict repository configuration mode
2025-07-16T22:28:48.181+0700 INFO  o.s.d.r.c.RepositoryConfigurationDelegate - [] - []- [] - [] - Bootstrapping Spring Data Redis repositories in DEFAULT mode.
2025-07-16T22:28:48.187+0700 INFO  o.s.d.r.c.RepositoryConfigurationExtensionSupport - [] - []- [] - [] - Spring Data Redis - Could not safely identify store assignment for repository candidate interface com.gtel.warehouse.repository.ProductRepository; If you want this repository to be a Redis repository, consider annotating your entities with one of these annotations: org.springframework.data.redis.core.RedisHash (preferred), or consider extending one of the following types with your repository: org.springframework.data.keyvalue.repository.KeyValueRepository
2025-07-16T22:28:48.187+0700 INFO  o.s.d.r.c.RepositoryConfigurationDelegate - [] - []- [] - [] - Finished Spring Data repository scanning in 5 ms. Found 0 Redis repository interfaces.
2025-07-16T22:28:48.375+0700 INFO  o.s.cloud.context.scope.GenericScope - [] - []- [] - [] - BeanFactory id=ef99c6a5-32fe-34e0-8420-a2a80cb6968d
2025-07-16T22:28:48.892+0700 INFO  o.s.b.w.e.tomcat.TomcatWebServer - [] - []- [] - [] - Tomcat initialized with port 8081 (http)
2025-07-16T22:28:48.902+0700 INFO  o.a.coyote.http11.Http11NioProtocol - [] - []- [] - [] - Initializing ProtocolHandler ["http-nio-8081"]
2025-07-16T22:28:48.903+0700 INFO  o.a.catalina.core.StandardService - [] - []- [] - [] - Starting service [Tomcat]
2025-07-16T22:28:48.904+0700 INFO  o.a.catalina.core.StandardEngine - [] - []- [] - [] - Starting Servlet engine: [Apache Tomcat/10.1.42]
2025-07-16T22:28:48.981+0700 INFO  o.a.c.c.C.[Tomcat].[localhost].[/] - [] - []- [] - [] - Initializing Spring embedded WebApplicationContext
2025-07-16T22:28:48.982+0700 INFO  o.s.b.w.s.c.ServletWebServerApplicationContext - [] - []- [] - [] - Root WebApplicationContext: initialization completed in 2520 ms
2025-07-16T22:28:49.869+0700 INFO  com.zaxxer.hikari.HikariDataSource - [] - []- [] - [] - HikariPool-1 - Starting...
2025-07-16T22:28:50.247+0700 INFO  com.zaxxer.hikari.pool.HikariPool - [] - []- [] - [] - HikariPool-1 - Added connection org.postgresql.jdbc.PgConnection@3b3a3a92
2025-07-16T22:28:50.250+0700 INFO  com.zaxxer.hikari.HikariDataSource - [] - []- [] - [] - HikariPool-1 - Start completed.
2025-07-16T22:28:50.287+0700 INFO  o.h.jpa.internal.util.LogHelper - [] - []- [] - [] - HHH000204: Processing PersistenceUnitInfo [name: default]
2025-07-16T22:28:50.339+0700 INFO  org.hibernate.Version - [] - []- [] - [] - HHH000412: Hibernate ORM core version 6.6.18.Final
2025-07-16T22:28:50.377+0700 INFO  o.h.c.i.RegionFactoryInitiator - [] - []- [] - [] - HHH000026: Second-level cache disabled
2025-07-16T22:28:50.705+0700 INFO  o.s.o.j.p.SpringPersistenceUnitInfo - [] - []- [] - [] - No LoadTimeWeaver setup: ignoring JPA class transformer
2025-07-16T22:28:50.815+0700 INFO  o.hibernate.orm.connections.pooling - [] - []- [] - [] - HHH10001005: Database info:
	Database JDBC URL [Connecting through datasource 'HikariDataSource (HikariPool-1)']
	Database driver: undefined/unknown
	Database version: 15.13
	Autocommit mode: undefined/unknown
	Isolation level: undefined/unknown
	Minimum pool size: undefined/unknown
	Maximum pool size: undefined/unknown
2025-07-16T22:28:51.660+0700 INFO  o.h.e.t.j.p.i.JtaPlatformInitiator - [] - []- [] - [] - HHH000489: No JTA platform available (set 'hibernate.transaction.jta.platform' to enable JTA platform integration)
2025-07-16T22:28:51.665+0700 INFO  o.s.o.j.LocalContainerEntityManagerFactoryBean - [] - []- [] - [] - Initialized JPA EntityManagerFactory for persistence unit 'default'
2025-07-16T22:28:52.152+0700 INFO  org.redisson.Version - [] - []- [] - [] - Redisson 3.27.2
2025-07-16T22:28:52.477+0700 INFO  o.r.connection.ConnectionsHolder - [] - []- [] - [] - 1 connections initialized for 192.168.5.71/192.168.5.71:6379
2025-07-16T22:28:52.567+0700 INFO  o.r.connection.ConnectionsHolder - [] - []- [] - [] - 24 connections initialized for 192.168.5.71/192.168.5.71:6379
2025-07-16T22:28:52.778+0700 WARN  o.s.b.a.o.j.JpaBaseConfiguration$JpaWebConfiguration - [] - []- [] - [] - spring.jpa.open-in-view is enabled by default. Therefore, database queries may be performed during view rendering. Explicitly configure spring.jpa.open-in-view to disable this warning
2025-07-16T22:28:54.049+0700 INFO  o.s.cloud.commons.util.InetUtils - [] - []- [] - [] - Cannot determine local hostname
2025-07-16T22:28:54.102+0700 INFO  n.d.b.g.c.a.GrpcClientAutoConfiguration - [] - []- [] - [] - Detected grpc-netty-shaded: Creating ShadedNettyChannelFactory + InProcessChannelFactory
2025-07-16T22:28:54.408+0700 INFO  o.s.b.a.e.web.EndpointLinksResolver - [] - []- [] - [] - Exposing 1 endpoint beneath base path '/actuator'
2025-07-16T22:28:54.820+0700 INFO  o.s.v.b.OptionalValidatorFactoryBean - [] - []- [] - [] - Failed to set up a Bean Validation provider: jakarta.validation.NoProviderFoundException: Unable to create a Configuration, because no Jakarta Bean Validation provider could be found. Add a provider like Hibernate Validator (RI) to your classpath.
2025-07-16T22:28:56.003+0700 INFO  o.s.cloud.commons.util.InetUtils - [] - []- [] - [] - Cannot determine local hostname
2025-07-16T22:28:56.024+0700 INFO  o.s.c.n.e.c.DiscoveryClientOptionalArgsConfiguration - [] - []- [] - [] - Eureka HTTP Client uses RestTemplate.
2025-07-16T22:28:56.070+0700 INFO  n.d.b.g.s.a.GrpcServerFactoryAutoConfiguration - [] - []- [] - [] - Detected grpc-netty-shaded: Creating ShadedNettyGrpcServerFactory
2025-07-16T22:28:56.515+0700 INFO  o.s.w.s.a.s.AnnotationActionEndpointMapping - [] - []- [] - [] - Supporting [WS-Addressing August 2004, WS-Addressing 1.0]
2025-07-16T22:28:56.570+0700 WARN  o.s.c.l.c.LoadBalancerCacheAutoConfiguration$LoadBalancerCaffeineWarnLogger - [] - []- [] - [] - Spring Cloud LoadBalancer is currently working with the default cache. While this cache implementation is useful for development and tests, it's recommended to use Caffeine cache in production.You can switch to using Caffeine cache, by adding it and org.springframework.cache.caffeine.CaffeineCacheManager to the classpath.
2025-07-16T22:28:56.660+0700 INFO  o.s.c.n.eureka.InstanceInfoFactory - [] - []- [] - [] - Setting initial instance status as: STARTING
2025-07-16T22:28:56.684+0700 INFO  c.netflix.discovery.DiscoveryClient - [] - []- [] - [] - Initializing Eureka in region us-east-1
2025-07-16T22:28:56.687+0700 INFO  c.n.d.s.r.aws.ConfigClusterResolver - [] - []- [] - [] - Resolving eureka endpoints via configuration
2025-07-16T22:28:56.700+0700 INFO  c.netflix.discovery.DiscoveryClient - [] - []- [] - [] - Disable delta property : false
2025-07-16T22:28:56.700+0700 INFO  c.netflix.discovery.DiscoveryClient - [] - []- [] - [] - Single vip registry refresh property : null
2025-07-16T22:28:56.700+0700 INFO  c.netflix.discovery.DiscoveryClient - [] - []- [] - [] - Force full registry fetch : false
2025-07-16T22:28:56.700+0700 INFO  c.netflix.discovery.DiscoveryClient - [] - []- [] - [] - Application is null : false
2025-07-16T22:28:56.700+0700 INFO  c.netflix.discovery.DiscoveryClient - [] - []- [] - [] - Registered Applications size is zero : true
2025-07-16T22:28:56.700+0700 INFO  c.netflix.discovery.DiscoveryClient - [] - []- [] - [] - Application version is -1: true
2025-07-16T22:28:56.700+0700 INFO  c.netflix.discovery.DiscoveryClient - [] - []- [] - [] - Getting all instance registry info from the eureka server
2025-07-16T22:28:57.215+0700 INFO  c.netflix.discovery.DiscoveryClient - [] - []- [] - [] - The response status is 200
2025-07-16T22:28:57.217+0700 INFO  c.netflix.discovery.DiscoveryClient - [] - []- [] - [] - Starting heartbeat executor: renew interval is: 30
2025-07-16T22:28:57.219+0700 INFO  c.n.discovery.InstanceInfoReplicator - [] - []- [] - [] - InstanceInfoReplicator onDemand update allowed rate per min is 4
2025-07-16T22:28:57.220+0700 INFO  c.netflix.discovery.DiscoveryClient - [] - []- [] - [] - Discovery Client initialized at timestamp 1752679737219 with initial instances count: 1
2025-07-16T22:28:57.224+0700 INFO  o.s.c.n.e.s.EurekaServiceRegistry - [] - []- [] - [] - Registering application PRODUCT-SV with eureka with status UP
2025-07-16T22:28:57.225+0700 INFO  c.netflix.discovery.DiscoveryClient - [] - []- [] - [] - Saw local status change event StatusChangeEvent [timestamp=1752679737224, current=UP, previous=STARTING]
2025-07-16T22:28:57.227+0700 INFO  o.a.coyote.http11.Http11NioProtocol - [] - []- [] - [] - Starting ProtocolHandler ["http-nio-8081"]
2025-07-16T22:28:57.227+0700 INFO  c.netflix.discovery.DiscoveryClient - [] - []- [] - [] - DiscoveryClient_PRODUCT-SV/localhost:product-sv:8081: registering service...
2025-07-16T22:28:57.243+0700 INFO  o.s.b.w.e.tomcat.TomcatWebServer - [] - []- [] - [] - Tomcat started on port 8081 (http) with context path '/'
2025-07-16T22:28:57.245+0700 INFO  o.s.c.n.e.s.EurekaAutoServiceRegistration - [] - []- [] - [] - Updating port to 8081
2025-07-16T22:28:57.285+0700 INFO  c.netflix.discovery.DiscoveryClient - [] - []- [] - [] - DiscoveryClient_PRODUCT-SV/localhost:product-sv:8081 - registration status: 204
2025-07-16T22:28:58.270+0700 INFO  o.s.cloud.commons.util.InetUtils - [] - []- [] - [] - Cannot determine local hostname
2025-07-16T22:28:58.387+0700 INFO  n.d.b.g.s.s.AbstractGrpcServerFactory - [] - []- [] - [] - Registered gRPC service: com.gtel.microservice.product.ProductGrpcService, bean: productGrpcImpl, class: com.gtel.warehouse.grpc.ProductGrpcImpl
2025-07-16T22:28:58.387+0700 INFO  n.d.b.g.s.s.AbstractGrpcServerFactory - [] - []- [] - [] - Registered gRPC service: grpc.health.v1.Health, bean: grpcHealthService, class: io.grpc.protobuf.services.HealthServiceImpl
2025-07-16T22:28:58.387+0700 INFO  n.d.b.g.s.s.AbstractGrpcServerFactory - [] - []- [] - [] - Registered gRPC service: grpc.reflection.v1alpha.ServerReflection, bean: protoReflectionService, class: io.grpc.protobuf.services.ProtoReflectionService
2025-07-16T22:28:58.568+0700 INFO  n.d.b.g.s.s.GrpcServerLifecycle - [] - []- [] - [] - gRPC Server started, listening on address: *, port: 9090
2025-07-16T22:28:58.590+0700 INFO  com.gtel.warehouse.PaymentApplication - [] - []- [] - [] - ==================================================
2025-07-16T22:28:58.590+0700 INFO  com.gtel.warehouse.PaymentApplication - [] - []- [] - [] - |               GTEL Application                  |
2025-07-16T22:28:58.590+0700 INFO  com.gtel.warehouse.PaymentApplication - [] - []- [] - [] - |               Develop by Gtel Team              |
2025-07-16T22:28:58.590+0700 INFO  com.gtel.warehouse.PaymentApplication - [] - []- [] - [] - ==================================================
2025-07-16T22:28:58.591+0700 INFO  com.gtel.warehouse.PaymentApplication - [] - []- [] - [] - Started ProductApplication in 13.787 seconds (process running for 15.028)
2025-07-16T22:28:59.110+0700 INFO  o.a.c.c.C.[Tomcat].[localhost].[/] - [] - []- [] - [] - Initializing Spring DispatcherServlet 'dispatcherServlet'
2025-07-16T22:28:59.110+0700 INFO  o.s.web.servlet.DispatcherServlet - [] - []- [] - [] - Initializing Servlet 'dispatcherServlet'
2025-07-16T22:28:59.117+0700 INFO  o.s.web.servlet.DispatcherServlet - [] - []- [] - [] - Completed initialization in 5 ms
2025-07-16T22:33:56.707+0700 INFO  c.n.d.s.r.aws.ConfigClusterResolver - [] - []- [] - [] - Resolving eureka endpoints via configuration
2025-07-16T22:38:56.719+0700 INFO  c.n.d.s.r.aws.ConfigClusterResolver - [] - []- [] - [] - Resolving eureka endpoints via configuration
2025-07-16T22:43:56.726+0700 INFO  c.n.d.s.r.aws.ConfigClusterResolver - [] - []- [] - [] - Resolving eureka endpoints via configuration
2025-07-16T22:48:56.742+0700 INFO  c.n.d.s.r.aws.ConfigClusterResolver - [] - []- [] - [] - Resolving eureka endpoints via configuration
2025-07-16T22:53:56.751+0700 INFO  c.n.d.s.r.aws.ConfigClusterResolver - [] - []- [] - [] - Resolving eureka endpoints via configuration
2025-07-16T22:55:20.149+0700 INFO  o.s.c.n.e.s.EurekaServiceRegistry - [] - []- [] - [] - Unregistering application PRODUCT-SV with eureka with status DOWN
2025-07-16T22:55:20.149+0700 INFO  c.netflix.discovery.DiscoveryClient - [] - []- [] - [] - Saw local status change event StatusChangeEvent [timestamp=1752681320149, current=DOWN, previous=UP]
2025-07-16T22:55:20.149+0700 INFO  c.netflix.discovery.DiscoveryClient - [] - []- [] - [] - DiscoveryClient_PRODUCT-SV/localhost:product-sv:8081: registering service...
2025-07-16T22:55:20.163+0700 INFO  n.d.b.g.s.s.GrpcServerLifecycle - [] - []- [] - [] - Completed gRPC server shutdown
2025-07-16T22:55:20.164+0700 INFO  c.netflix.discovery.DiscoveryClient - [] - []- [] - [] - DiscoveryClient_PRODUCT-SV/localhost:product-sv:8081 - registration status: 204
2025-07-16T22:55:20.164+0700 INFO  o.s.b.w.e.tomcat.GracefulShutdown - [] - []- [] - [] - Commencing graceful shutdown. Waiting for active requests to complete
2025-07-16T22:55:20.179+0700 INFO  o.s.b.w.e.tomcat.GracefulShutdown - [] - []- [] - [] - Graceful shutdown complete
2025-07-16T22:55:20.232+0700 INFO  o.s.o.j.LocalContainerEntityManagerFactoryBean - [] - []- [] - [] - Closing JPA EntityManagerFactory for persistence unit 'default'
2025-07-16T22:55:20.238+0700 INFO  com.zaxxer.hikari.HikariDataSource - [] - []- [] - [] - HikariPool-1 - Shutdown initiated...
2025-07-16T22:55:20.259+0700 INFO  com.zaxxer.hikari.HikariDataSource - [] - []- [] - [] - HikariPool-1 - Shutdown completed.
2025-07-16T22:55:20.259+0700 INFO  c.netflix.discovery.DiscoveryClient - [] - []- [] - [] - Shutting down DiscoveryClient ...
2025-07-16T22:55:23.272+0700 INFO  c.netflix.discovery.DiscoveryClient - [] - []- [] - [] - Unregistering ...
2025-07-16T22:55:23.293+0700 INFO  c.netflix.discovery.DiscoveryClient - [] - []- [] - [] - DiscoveryClient_PRODUCT-SV/localhost:product-sv:8081 - deregister  status: 200
2025-07-16T22:55:23.293+0700 INFO  c.netflix.discovery.DiscoveryClient - [] - []- [] - [] - Completed shut down of DiscoveryClient
